{
  message: 'Database is connected successfully',
  level: 'info',
  label: 'PHD',
  timestamp: '2023-08-20T06:06:28.437Z'
}
{
  message: 'Application listening on port 5000',
  level: 'info',
  label: 'PHD',
  timestamp: '2023-08-20T06:06:28.468Z'
}
{
  message: 'Database is connected successfully',
  level: 'info',
  label: 'PHD',
  timestamp: '2023-08-20T06:10:27.783Z'
}
{
  message: 'Application listening on port 5000',
  level: 'info',
  label: 'PHD',
  timestamp: '2023-08-20T06:10:27.796Z'
}
{
  message: 'Database is connected successfully',
  level: 'info',
  label: 'PHD',
  timestamp: '2023-08-20T06:16:48.054Z'
}
{
  message: 'Application listening on port 5000',
  level: 'info',
  label: 'PHD',
  timestamp: '2023-08-20T06:16:48.068Z'
}
{
  message: 'Database is connected successfully',
  level: 'info',
  label: 'PHD',
  timestamp: '2023-08-20T06:16:56.358Z'
}
{
  message: 'Application listening on port 5000',
  level: 'info',
  label: 'PHD',
  timestamp: '2023-08-20T06:16:56.379Z'
}
{
  message: 'Database is connected successfully',
  level: 'info',
  label: 'PHD',
  timestamp: '2023-08-20T06:17:02.967Z'
}
{
  message: 'Application listening on port 5000',
  level: 'info',
  label: 'PHD',
  timestamp: '2023-08-20T06:17:02.986Z'
}
{
  message: 'Database is connected successfully',
  level: 'info',
  label: 'PHD',
  timestamp: '2023-08-20T06:18:40.532Z'
}
{
  message: 'Application listening on port 5000',
  level: 'info',
  label: 'PHD',
  timestamp: '2023-08-20T06:18:40.575Z'
}
{
  message: 'Database is connected successfully',
  level: 'info',
  label: 'PHD',
  timestamp: '2023-08-20T06:18:46.547Z'
}
{
  message: 'Application listening on port 5000',
  level: 'info',
  label: 'PHD',
  timestamp: '2023-08-20T06:18:46.564Z'
}
{
  message: 'Database is connected successfully',
  level: 'info',
  label: 'PHD',
  timestamp: '2023-08-20T06:26:26.914Z'
}
{
  message: 'Application listening on port 5000',
  level: 'info',
  label: 'PHD',
  timestamp: '2023-08-20T06:26:26.933Z'
}
{
  message: 'Database is connected successfully',
  level: 'info',
  label: 'PHD',
  timestamp: '2023-08-20T06:26:31.756Z'
}
{
  message: 'Application listening on port 5000',
  level: 'info',
  label: 'PHD',
  timestamp: '2023-08-20T06:26:31.784Z'
}
{
  message: 'Database is connected successfully',
  level: 'info',
  label: 'PHD',
  timestamp: '2023-08-20T06:31:42.467Z'
}
{
  message: 'Application listening on port 5000',
  level: 'info',
  label: 'PHD',
  timestamp: '2023-08-20T06:31:42.480Z'
}
{
  message: 'Database is connected successfully',
  level: 'info',
  label: 'PHD',
  timestamp: '2023-08-20T06:31:51.430Z'
}
{
  message: 'Application listening on port 5000',
  level: 'info',
  label: 'PHD',
  timestamp: '2023-08-20T06:31:51.446Z'
}
{
  message: 'Database is connected successfully',
  level: 'info',
  label: 'PHD',
  timestamp: '2023-08-20T06:32:54.328Z'
}
{
  message: 'Application listening on port 5000',
  level: 'info',
  label: 'PHD',
  timestamp: '2023-08-20T06:32:54.342Z'
}
{
  message: 'Database is connected successfully',
  level: 'info',
  label: 'PHD',
  timestamp: '2023-08-20T06:33:13.615Z'
}
{
  message: 'Application listening on port 5000',
  level: 'info',
  label: 'PHD',
  timestamp: '2023-08-20T06:33:13.633Z'
}
{
  message: 'Database is connected successfully',
  level: 'info',
  label: 'PHD',
  timestamp: '2023-08-20T06:33:16.791Z'
}
{
  message: 'Application listening on port 5000',
  level: 'info',
  label: 'PHD',
  timestamp: '2023-08-20T06:33:16.815Z'
}
{
  message: 'Database is connected successfully',
  level: 'info',
  label: 'PHD',
  timestamp: '2023-08-20T06:34:00.412Z'
}
{
  message: 'Application listening on port 5000',
  level: 'info',
  label: 'PHD',
  timestamp: '2023-08-20T06:34:00.426Z'
}
{
  message: 'Database is connected successfully',
  level: 'info',
  label: 'PHD',
  timestamp: '2023-08-20T06:34:38.296Z'
}
{
  message: 'Application listening on port 5000',
  level: 'info',
  label: 'PHD',
  timestamp: '2023-08-20T06:34:38.320Z'
}
{
  message: 'Database is connected successfully',
  level: 'info',
  label: 'PHD',
  timestamp: '2023-08-20T06:34:45.079Z'
}
{
  message: 'Application listening on port 5000',
  level: 'info',
  label: 'PHD',
  timestamp: '2023-08-20T06:34:45.094Z'
}
{
  message: 'Database is connected successfully',
  level: 'info',
  label: 'PHD',
  timestamp: '2023-08-20T06:35:22.657Z'
}
{
  message: 'Application listening on port 5000',
  level: 'info',
  label: 'PHD',
  timestamp: '2023-08-20T06:35:22.672Z'
}
{
  message: 'Database is connected successfully',
  level: 'info',
  label: 'PHD',
  timestamp: '2023-08-20T06:35:26.818Z'
}
{
  message: 'Application listening on port 5000',
  level: 'info',
  label: 'PHD',
  timestamp: '2023-08-20T06:35:26.835Z'
}
{
  message: 'Database is connected successfully',
  level: 'info',
  label: 'PHD',
  timestamp: '2023-08-20T06:35:47.462Z'
}
{
  message: 'Application listening on port 5000',
  level: 'info',
  label: 'PHD',
  timestamp: '2023-08-20T06:35:47.481Z'
}
{
  message: 'Database is connected successfully',
  level: 'info',
  label: 'PHD',
  timestamp: '2023-08-20T06:36:45.382Z'
}
{
  message: 'Application listening on port 5000',
  level: 'info',
  label: 'PHD',
  timestamp: '2023-08-20T06:36:45.415Z'
}
{
  message: 'Database is connected successfully',
  level: 'info',
  label: 'PHD',
  timestamp: '2023-08-20T06:43:27.686Z'
}
{
  message: 'Application listening on port 5000',
  level: 'info',
  label: 'PHD',
  timestamp: '2023-08-20T06:43:27.708Z'
}
{
  message: 'Database is connected successfully',
  level: 'info',
  label: 'PHD',
  timestamp: '2023-08-20T06:44:07.067Z'
}
{
  message: 'Application listening on port 5000',
  level: 'info',
  label: 'PHD',
  timestamp: '2023-08-20T06:44:07.084Z'
}
{
  message: 'Database is connected successfully',
  level: 'info',
  label: 'PHD',
  timestamp: '2023-08-20T06:44:28.067Z'
}
{
  message: 'Application listening on port 5000',
  level: 'info',
  label: 'PHD',
  timestamp: '2023-08-20T06:44:28.102Z'
}
{
  message: 'Database is connected successfully',
  level: 'info',
  label: 'PHD',
  timestamp: '2023-08-20T06:45:01.610Z'
}
{
  message: 'Application listening on port 5000',
  level: 'info',
  label: 'PHD',
  timestamp: '2023-08-20T06:45:01.625Z'
}
{
  message: 'Database is connected successfully',
  level: 'info',
  label: 'PHD',
  timestamp: '2023-08-20T06:45:08.498Z'
}
{
  message: 'Application listening on port 5000',
  level: 'info',
  label: 'PHD',
  timestamp: '2023-08-20T06:45:08.513Z'
}
{
  message: 'Database is connected successfully',
  level: 'info',
  label: 'PHD',
  timestamp: '2023-08-20T06:45:47.194Z'
}
{
  message: 'Application listening on port 5000',
  level: 'info',
  label: 'PHD',
  timestamp: '2023-08-20T06:45:47.207Z'
}
{
  message: 'Database is connected successfully',
  level: 'info',
  label: 'PHD',
  timestamp: '2023-08-20T06:45:55.853Z'
}
{
  message: 'Application listening on port 5000',
  level: 'info',
  label: 'PHD',
  timestamp: '2023-08-20T06:45:55.870Z'
}
{
  message: 'Database is connected successfully',
  level: 'info',
  label: 'PHD',
  timestamp: '2023-08-20T06:46:25.355Z'
}
{
  message: 'Application listening on port 5000',
  level: 'info',
  label: 'PHD',
  timestamp: '2023-08-20T06:46:25.369Z'
}
{
  message: 'Database is connected successfully',
  level: 'info',
  label: 'PHD',
  timestamp: '2023-08-20T06:46:31.517Z'
}
{
  message: 'Application listening on port 5000',
  level: 'info',
  label: 'PHD',
  timestamp: '2023-08-20T06:46:31.538Z'
}
{
  message: 'Database is connected successfully',
  level: 'info',
  label: 'PHD',
  timestamp: '2023-08-20T06:47:43.480Z'
}
{
  message: 'Application listening on port 5000',
  level: 'info',
  label: 'PHD',
  timestamp: '2023-08-20T06:47:43.490Z'
}
{
  message: 'Database is connected successfully',
  level: 'info',
  label: 'PHD',
  timestamp: '2023-08-20T06:47:47.248Z'
}
{
  message: 'Application listening on port 5000',
  level: 'info',
  label: 'PHD',
  timestamp: '2023-08-20T06:47:47.273Z'
}
{
  message: 'Database is connected successfully',
  level: 'info',
  label: 'PHD',
  timestamp: '2023-08-20T06:47:54.667Z'
}
{
  message: 'Application listening on port 5000',
  level: 'info',
  label: 'PHD',
  timestamp: '2023-08-20T06:47:54.680Z'
}
{
  message: 'Database is connected successfully',
  level: 'info',
  label: 'PHD',
  timestamp: '2023-08-20T06:48:31.399Z'
}
{
  message: 'Application listening on port 5000',
  level: 'info',
  label: 'PHD',
  timestamp: '2023-08-20T06:48:31.412Z'
}
{
  message: 'Database is connected successfully',
  level: 'info',
  label: 'PHD',
  timestamp: '2023-08-20T06:48:44.883Z'
}
{
  message: 'Application listening on port 5000',
  level: 'info',
  label: 'PHD',
  timestamp: '2023-08-20T06:48:44.938Z'
}
{
  message: 'Database is connected successfully',
  level: 'info',
  label: 'PHD',
  timestamp: '2023-08-20T06:48:53.319Z'
}
{
  message: 'Application listening on port 5000',
  level: 'info',
  label: 'PHD',
  timestamp: '2023-08-20T06:48:53.343Z'
}
{
  message: 'Database is connected successfully',
  level: 'info',
  label: 'PHD',
  timestamp: '2023-08-20T06:49:16.278Z'
}
{
  message: 'Application listening on port 5000',
  level: 'info',
  label: 'PHD',
  timestamp: '2023-08-20T06:49:16.294Z'
}
{
  message: 'Database is connected successfully',
  level: 'info',
  label: 'PHD',
  timestamp: '2023-08-20T06:49:22.364Z'
}
{
  message: 'Application listening on port 5000',
  level: 'info',
  label: 'PHD',
  timestamp: '2023-08-20T06:49:22.397Z'
}
{
  message: 'Database is connected successfully',
  level: 'info',
  label: 'PHD',
  timestamp: '2023-08-20T06:49:43.306Z'
}
{
  message: 'Application listening on port 5000',
  level: 'info',
  label: 'PHD',
  timestamp: '2023-08-20T06:49:43.322Z'
}
{
  message: 'Database is connected successfully',
  level: 'info',
  label: 'PHD',
  timestamp: '2023-08-20T06:49:48.848Z'
}
{
  message: 'Application listening on port 5000',
  level: 'info',
  label: 'PHD',
  timestamp: '2023-08-20T06:49:48.868Z'
}
{
  message: 'Database is connected successfully',
  level: 'info',
  label: 'PHD',
  timestamp: '2023-08-20T06:50:10.761Z'
}
{
  message: 'Application listening on port 5000',
  level: 'info',
  label: 'PHD',
  timestamp: '2023-08-20T06:50:10.778Z'
}
{
  message: 'Database is connected successfully',
  level: 'info',
  label: 'PHD',
  timestamp: '2023-08-20T06:51:17.288Z'
}
{
  message: 'Application listening on port 5000',
  level: 'info',
  label: 'PHD',
  timestamp: '2023-08-20T06:51:17.305Z'
}
{
  message: 'Database is connected successfully',
  level: 'info',
  label: 'PHD',
  timestamp: '2023-08-20T06:51:21.118Z'
}
{
  message: 'Application listening on port 5000',
  level: 'info',
  label: 'PHD',
  timestamp: '2023-08-20T06:51:21.142Z'
}
{
  message: 'Database is connected successfully',
  level: 'info',
  label: 'PHD',
  timestamp: '2023-08-20T06:53:47.069Z'
}
{
  message: 'Application listening on port 5000',
  level: 'info',
  label: 'PHD',
  timestamp: '2023-08-20T06:53:47.089Z'
}
{
  message: 'Database is connected successfully',
  level: 'info',
  label: 'PHD',
  timestamp: '2023-08-20T06:54:39.428Z'
}
{
  message: 'Application listening on port 5000',
  level: 'info',
  label: 'PHD',
  timestamp: '2023-08-20T06:54:39.441Z'
}
{
  message: 'Database is connected successfully',
  level: 'info',
  label: 'PHD',
  timestamp: '2023-08-20T06:57:30.048Z'
}
{
  message: 'Application listening on port 5000',
  level: 'info',
  label: 'PHD',
  timestamp: '2023-08-20T06:57:30.065Z'
}
{
  message: 'Database is connected successfully',
  level: 'info',
  label: 'PHD',
  timestamp: '2023-08-20T06:57:51.576Z'
}
{
  message: 'Application listening on port 5000',
  level: 'info',
  label: 'PHD',
  timestamp: '2023-08-20T06:57:51.590Z'
}
{
  message: 'Database is connected successfully',
  level: 'info',
  label: 'PHD',
  timestamp: '2023-08-20T06:58:09.100Z'
}
{
  message: 'Application listening on port 5000',
  level: 'info',
  label: 'PHD',
  timestamp: '2023-08-20T06:58:09.118Z'
}
{
  message: 'Database is connected successfully',
  level: 'info',
  label: 'PHD',
  timestamp: '2023-08-20T06:58:40.671Z'
}
{
  message: 'Application listening on port 5000',
  level: 'info',
  label: 'PHD',
  timestamp: '2023-08-20T06:58:40.690Z'
}
{
  message: 'Database is connected successfully',
  level: 'info',
  label: 'PHD',
  timestamp: '2023-08-20T06:58:55.696Z'
}
{
  message: 'Application listening on port 5000',
  level: 'info',
  label: 'PHD',
  timestamp: '2023-08-20T06:58:55.712Z'
}
